ExeStack:
openRFile(var_f, test.in)
readFile(var_f + 2, var_c) print(var_c);  if (var_c) then readFile(var_f, var_c) print(var_c);  else print(0); end  closeRFile(var_f)   

SymTable:

Out:

FileTable:

ExeStack:
readFile(var_f + 2, var_c) print(var_c);  if (var_c) then readFile(var_f, var_c) print(var_c);  else print(0); end  closeRFile(var_f)   

SymTable:
var_f --> 1

Out:

FileTable:
1 --> test.in

ExeStack:
readFile(var_f + 2, var_c)
print(var_c);  if (var_c) then readFile(var_f, var_c) print(var_c);  else print(0); end  closeRFile(var_f)  

SymTable:
var_f --> 1

Out:

FileTable:
1 --> test.in

